#
# There is insufficient memory for the Java Runtime Environment to continue.
# Native memory allocation (mmap) failed to map 134217728 bytes for Failed to commit area from 0x0000000081800000 to 0x0000000089800000 of length 134217728.
# Possible reasons:
#   The system is out of physical RAM or swap space
#   The process is running with CompressedOops enabled, and the Java Heap may be blocking the growth of the native heap
# Possible solutions:
#   Reduce memory load on the system
#   Increase physical memory or swap space
#   Check if swap backing store is full
#   Decrease Java heap size (-Xmx/-Xms)
#   Decrease number of Java threads
#   Decrease Java thread stack sizes (-Xss)
#   Set larger code cache with -XX:ReservedCodeCacheSize=
# This output file may be truncated or incomplete.
#
#  Out of Memory Error (t:/workspace/open/src/hotspot/os/windows/os_windows.cpp:3264), pid=3480, tid=8872
#
# JRE version:  (12.0.2+10) (build )
# Java VM: Java HotSpot(TM) 64-Bit Server VM (12.0.2+10, mixed mode, aot, sharing, tiered, compressed oops, g1 gc, windows-amd64)
# No core dump will be written. Minidumps are not enabled by default on client versions of Windows
#

---------------  S U M M A R Y ------------

Command Line: -javaagent:C:\Program Files\JetBrains\IntelliJ IDEA Educational Edition 2021.3.2\lib\idea_rt.jar=58120:C:\Program Files\JetBrains\IntelliJ IDEA Educational Edition 2021.3.2\bin -Dfile.encoding=UTF-8 com.Collection.Main

Host: Intel(R) Core(TM) i5-3210M CPU @ 2.50GHz, 4 cores, 7G,  Windows 10 , 64 bit Build 17763 (10.0.17763.475)
Time: Wed May  4 23:17:34 2022 Caiaaiay Acey (ceia) elapsed time: 0 seconds (0d 0h 0m 0s)

---------------  T H R E A D  ---------------

Current thread (0x00000231658b8800):  JavaThread "Unknown thread" [_thread_in_vm, id=8872, stack(0x0000004355400000,0x0000004355500000)]

Stack: [0x0000004355400000,0x0000004355500000]
Native frames: (J=compiled Java code, j=interpreted, Vv=VM code, C=native code)
V  [jvm.dll+0x63aa2a]
V  [jvm.dll+0x78ce1e]
V  [jvm.dll+0x78e4c1]
V  [jvm.dll+0x78eb13]
V  [jvm.dll+0x2627e8]
V  [jvm.dll+0x637f5a]
V  [jvm.dll+0x62c845]
V  [jvm.dll+0x31e49c]
V  [jvm.dll+0x31e2cf]
V  [jvm.dll+0x324006]
V  [jvm.dll+0x371f56]
V  [jvm.dll+0x371720]
V  [jvm.dll+0x2f845a]
V  [jvm.dll+0x2f96d2]
V  [jvm.dll+0x767267]
V  [jvm.dll+0x7689f5]
V  [jvm.dll+0x380059]
V  [jvm.dll+0x74b794]
V  [jvm.dll+0x3ef5cd]
V  [jvm.dll+0x3f1471]
C  [jli.dll+0x51cf]
C  [ucrtbase.dll+0x21ffa]
C  [KERNEL32.DLL+0x17974]
C  [ntdll.dll+0x6a271]


---------------  P R O C E S S  ---------------

Threads class SMR info:
_java_thread_list=0x00007ffebacf7928, length=0, elements={
}

Java Threads: ( => current thread )

Other Threads:
  0x00000231658f7800 GCTaskThread "GC Thread#0" [stack: 0x0000004355500000,0x0000004355600000] [id=12048]
  0x0000023165906000 ConcurrentGCThread "G1 Main Marker" [stack: 0x0000004355600000,0x0000004355700000] [id=3940]
  0x0000023165908800 ConcurrentGCThread "G1 Conc#0" [stack: 0x0000004355700000,0x0000004355800000] [id=5236]

[error occurred during error reporting (printing all threads), id 0xc0000005, EXCEPTION_ACCESS_VIOLATION (0xc0000005) at pc=0x00007ffeba5285e7]

VM state:not at safepoint (not fully initialized)

VM Mutex/Monitor currently owned by a thread:  ([mutex/lock_event])
[0x00000231658b4890] Heap_lock - owner thread: 0x00000231658b8800

Heap address: 0x0000000081800000, size: 2024 MB, Compressed Oops mode: Non-zero based: 0x0000000081800000
Narrow klass base: 0x0000000000000000, Narrow klass shift: 0

GC Heap History (0 events):
No events

Deoptimization events (0 events):
No events

Classes redefined (0 events):
No events

Internal exceptions (0 events):
No events

Events (0 events):
No events


Dynamic libraries:
0x00007ff617fa0000 - 0x00007ff617faf000 	C:\Program Files\Java\jdk-12.0.2\bin\java.exe
0x00007fff50e60000 - 0x00007fff5104d000 	C:\Windows\SYSTEM32\ntdll.dll
0x00007fff4f4e0000 - 0x00007fff4f593000 	C:\Windows\System32\KERNEL32.DLL
0x00007fff4dae0000 - 0x00007fff4dd73000 	C:\Windows\System32\KERNELBASE.dll
0x00007fff4ddb0000 - 0x00007fff4deaa000 	C:\Windows\System32\ucrtbase.dll
0x00007fff062b0000 - 0x00007fff062c8000 	C:\Program Files\Java\jdk-12.0.2\bin\jli.dll
0x00007fff4e3b0000 - 0x00007fff4e453000 	C:\Windows\System32\ADVAPI32.dll
0x00007fff4e6a0000 - 0x00007fff4e73e000 	C:\Windows\System32\msvcrt.dll
0x00007fff4e460000 - 0x00007fff4e4fe000 	C:\Windows\System32\sechost.dll
0x00007fff4f650000 - 0x00007fff4f772000 	C:\Windows\System32\RPCRT4.dll
0x00007fff4e500000 - 0x00007fff4e697000 	C:\Windows\System32\USER32.dll
0x00007fff06290000 - 0x00007fff062a6000 	C:\Program Files\Java\jdk-12.0.2\bin\VCRUNTIME140.dll
0x00007fff4d6a0000 - 0x00007fff4d6c0000 	C:\Windows\System32\win32u.dll
0x00007fff4f4b0000 - 0x00007fff4f4d9000 	C:\Windows\System32\GDI32.dll
0x00007fff4d6c0000 - 0x00007fff4d859000 	C:\Windows\System32\gdi32full.dll
0x00007fff3a040000 - 0x00007fff3a2b9000 	C:\Windows\WinSxS\amd64_microsoft.windows.common-controls_6595b64144ccf1df_6.0.17763.802_none_05b1445c0722d2cc\COMCTL32.dll
0x00007fff4ea20000 - 0x00007fff4ed4c000 	C:\Windows\System32\combase.dll
0x00007fff4d900000 - 0x00007fff4d97e000 	C:\Windows\System32\bcryptPrimitives.dll
0x00007fff4d860000 - 0x00007fff4d900000 	C:\Windows\System32\msvcp_win.dll
0x00007fff44590000 - 0x00007fff4459a000 	C:\Windows\SYSTEM32\VERSION.dll
0x00007fff4f5a0000 - 0x00007fff4f5ce000 	C:\Windows\System32\IMM32.DLL
0x00007fff061e0000 - 0x00007fff0628a000 	C:\Program Files\Java\jdk-12.0.2\bin\msvcp140.dll
0x00007ffeba220000 - 0x00007ffebad97000 	C:\Program Files\Java\jdk-12.0.2\bin\server\jvm.dll
0x00007fff4e0b0000 - 0x00007fff4e0b8000 	C:\Windows\System32\PSAPI.DLL
0x00007fff28ae0000 - 0x00007fff28ae9000 	C:\Windows\SYSTEM32\WSOCK32.dll
0x00007fff4f890000 - 0x00007fff4f8fd000 	C:\Windows\System32\WS2_32.dll
0x00007fff4b0c0000 - 0x00007fff4b0e4000 	C:\Windows\SYSTEM32\WINMM.dll
0x00007fff4b090000 - 0x00007fff4b0bd000 	C:\Windows\SYSTEM32\WINMMBASE.dll
0x00007fff4d980000 - 0x00007fff4d9ca000 	C:\Windows\System32\cfgmgr32.dll
0x00007fff4ce80000 - 0x00007fff4ce91000 	C:\Windows\System32\kernel.appcore.dll
0x00007fff061c0000 - 0x00007fff061d1000 	C:\Program Files\Java\jdk-12.0.2\bin\verify.dll
0x00007fff40830000 - 0x00007fff40a1d000 	C:\Windows\SYSTEM32\DBGHELP.DLL
0x00007fff407e0000 - 0x00007fff4080a000 	C:\Windows\SYSTEM32\dbgcore.DLL
0x00007fff06190000 - 0x00007fff061b6000 	C:\Program Files\Java\jdk-12.0.2\bin\java.dll
0x00007fff29e20000 - 0x00007fff29e2e000 	C:\Program Files\Java\jdk-12.0.2\bin\instrument.dll
0x00007fff06170000 - 0x00007fff06187000 	C:\Program Files\Java\jdk-12.0.2\bin\zip.dll
0x00007fff40180000 - 0x00007fff4018a000 	C:\Program Files\Java\jdk-12.0.2\bin\jimage.dll

dbghelp: loaded successfully - version: 4.0.5 - missing functions: none
symbol engine: initialized successfully - sym options: 0x614 - pdb path: .;C:\Program Files\Java\jdk-12.0.2\bin;C:\Windows\SYSTEM32;C:\Windows\WinSxS\amd64_microsoft.windows.common-controls_6595b64144ccf1df_6.0.17763.802_none_05b1445c0722d2cc;C:\Program Files\Java\jdk-12.0.2\bin\server

VM Arguments:
jvm_args: -javaagent:C:\Program Files\JetBrains\IntelliJ IDEA Educational Edition 2021.3.2\lib\idea_rt.jar=58120:C:\Program Files\JetBrains\IntelliJ IDEA Educational Edition 2021.3.2\bin -Dfile.encoding=UTF-8 
java_command: com.Collection.Main
java_class_path (initial): C:\Users\TextEditor\out\production\TextEditor
Launcher Type: SUN_STANDARD

[Global flags]
     intx CICompilerCount                          = 3                                         {product} {ergonomic}
     uint ConcGCThreads                            = 1                                         {product} {ergonomic}
     uint G1ConcRefinementThreads                  = 4                                         {product} {ergonomic}
   size_t G1HeapRegionSize                         = 1048576                                   {product} {ergonomic}
    uintx GCDrainStackTargetSize                   = 64                                        {product} {ergonomic}
   size_t InitialHeapSize                          = 134217728                                 {product} {ergonomic}
   size_t MarkStackSize                            = 4194304                                   {product} {ergonomic}
   size_t MaxHeapSize                              = 2122317824                                {product} {ergonomic}
   size_t MinHeapDeltaBytes                        = 1048576                                   {product} {ergonomic}
    uintx NonNMethodCodeHeapSize                   = 5830732                                {pd product} {ergonomic}
    uintx NonProfiledCodeHeapSize                  = 122913754                              {pd product} {ergonomic}
    uintx ProfiledCodeHeapSize                     = 122913754                              {pd product} {ergonomic}
    uintx ReservedCodeCacheSize                    = 251658240                              {pd product} {ergonomic}
     bool SegmentedCodeCache                       = true                                      {product} {ergonomic}
     bool UseCompressedClassPointers               = true                                 {lp64_product} {ergonomic}
     bool UseCompressedOops                        = true                                 {lp64_product} {ergonomic}
     bool UseG1GC                                  = true                                      {product} {ergonomic}
     bool UseLargePagesIndividualAllocation        = false                                  {pd product} {ergonomic}

Logging:
Log output configuration:
 #0: stdout all=warning uptime,level,tags
 #1: stderr all=off uptime,level,tags

Environment Variables:
PATH=C:\Program Files (x86)\Common Files\Oracle\Java\javapath;C:\Windows\system32;C:\Windows;C:\Windows\System32\Wbem;C:\Windows\System32\WindowsPowerShell\v1.0\;C:\Program Files (x86)\NVIDIA Corporation\PhysX\Common;C:\Program Files\Microsoft SQL Server\150\Tools\Binn\;C:\Program Files\Microsoft SQL Server\Client SDK\ODBC\170\Tools\Binn\;C:\Program Files\dotnet\;C:\Users\HP\AppData\Local\Programs\Python\Python38-32\Scripts\;C:\Users\HP\AppData\Local\Programs\Python\Python38-32\;C:\Users\HP\AppData\Local\Microsoft\WindowsApps;C:\Users\HP\.dotnet\tools;C:\Users\HP\AppData\Local\GitHubDesktop\bin
USERNAME=HP
OS=Windows_NT
PROCESSOR_IDENTIFIER=Intel64 Family 6 Model 58 Stepping 9, GenuineIntel



---------------  S Y S T E M  ---------------

OS: Windows 10 , 64 bit Build 17763 (10.0.17763.475)

CPU:total 4 (initial active 4) (2 cores per cpu, 2 threads per core) family 6 model 58 stepping 9, cmov, cx8, fxsr, mmx, sse, sse2, sse3, ssse3, sse4.1, sse4.2, popcnt, avx, aes, clmul, erms, ht, tsc, tscinvbit, tscinv

Memory: 4k page, system-wide physical 8094M (1573M free)
TotalPageFile size 8094M (AvailPageFile size 48M)
current process WorkingSet (physical memory assigned to process): 10M, peak: 10M
current process commit charge ("private bytes"): 52M, peak: 179M

vm_info: Java HotSpot(TM) 64-Bit Server VM (12.0.2+10) for windows-amd64 JRE (12.0.2+10), built on Jul 16 2019 01:56:17 by "mach5one" with MS VC++ 15.5 (VS2017)

END.
